0 info it worked if it ends with ok
1 verbose cli [ 'node', '/usr/local/bin/npm', 'install', 'gulp-wevserver' ]
2 info using npm@2.12.1
3 info using node@v0.12.7
4 verbose node symlink /usr/local/bin/node
5 verbose install initial load of /Users/shimamura/coffee/package.json
6 warn package.json coffeescript@1.0.0 No description
7 warn package.json coffeescript@1.0.0 No repository field.
8 warn package.json coffeescript@1.0.0 No README data
9 verbose installManyTop reading scoped package data from /Users/shimamura/coffee/node_modules/coffee-script/package.json
10 verbose installManyTop reading scoped package data from /Users/shimamura/coffee/node_modules/gulp/package.json
11 verbose installManyTop reading scoped package data from /Users/shimamura/coffee/node_modules/gulp-coffee/package.json
12 verbose installManyTop reading scoped package data from /Users/shimamura/coffee/node_modules/gulp-webserver/package.json
13 info package.json gulp-coffee@2.3.1 No license field.
14 verbose readDependencies loading dependencies from /Users/shimamura/coffee/package.json
15 silly cache add args [ 'gulp-wevserver', null ]
16 verbose cache add spec gulp-wevserver
17 silly cache add parsed spec { raw: 'gulp-wevserver',
17 silly cache add   scope: null,
17 silly cache add   name: 'gulp-wevserver',
17 silly cache add   rawSpec: '',
17 silly cache add   spec: '*',
17 silly cache add   type: 'range' }
18 silly addNamed gulp-wevserver@*
19 verbose addNamed "*" is a valid semver range for gulp-wevserver
20 silly addNameRange { name: 'gulp-wevserver', range: '*', hasData: false }
21 silly mapToRegistry name gulp-wevserver
22 silly mapToRegistry using default registry
23 silly mapToRegistry registry https://registry.npmjs.org/
24 silly mapToRegistry uri https://registry.npmjs.org/gulp-wevserver
25 verbose addNameRange registry:https://registry.npmjs.org/gulp-wevserver not in flight; fetching
26 verbose request uri https://registry.npmjs.org/gulp-wevserver
27 verbose request no auth needed
28 info attempt registry request try #1 at 20:45:51
29 verbose request id 89572b63928e59f3
30 http request GET https://registry.npmjs.org/gulp-wevserver
31 http 404 https://registry.npmjs.org/gulp-wevserver
32 verbose headers { 'content-type': 'application/json',
32 verbose headers   'cache-control': 'max-age=0',
32 verbose headers   'content-length': '2',
32 verbose headers   'accept-ranges': 'bytes',
32 verbose headers   date: 'Mon, 15 Feb 2016 11:42:25 GMT',
32 verbose headers   via: '1.1 varnish',
32 verbose headers   age: '0',
32 verbose headers   connection: 'keep-alive',
32 verbose headers   'x-served-by': 'cache-nrt6134-NRT',
32 verbose headers   'x-cache': 'MISS',
32 verbose headers   'x-cache-hits': '0',
32 verbose headers   'x-timer': 'S1455536544.582541,VS0,VE738' }
33 silly get cb [ 404,
33 silly get   { 'content-type': 'application/json',
33 silly get     'cache-control': 'max-age=0',
33 silly get     'content-length': '2',
33 silly get     'accept-ranges': 'bytes',
33 silly get     date: 'Mon, 15 Feb 2016 11:42:25 GMT',
33 silly get     via: '1.1 varnish',
33 silly get     age: '0',
33 silly get     connection: 'keep-alive',
33 silly get     'x-served-by': 'cache-nrt6134-NRT',
33 silly get     'x-cache': 'MISS',
33 silly get     'x-cache-hits': '0',
33 silly get     'x-timer': 'S1455536544.582541,VS0,VE738' } ]
34 verbose stack Error: Registry returned 404 for GET on https://registry.npmjs.org/gulp-wevserver
34 verbose stack     at CachingRegistryClient.<anonymous> (/usr/local/lib/node_modules/npm/node_modules/npm-registry-client/lib/request.js:239:14)
34 verbose stack     at Request._callback (/usr/local/lib/node_modules/npm/node_modules/npm-registry-client/lib/request.js:170:14)
34 verbose stack     at Request.self.callback (/usr/local/lib/node_modules/npm/node_modules/request/request.js:197:22)
34 verbose stack     at Request.emit (events.js:110:17)
34 verbose stack     at Request.<anonymous> (/usr/local/lib/node_modules/npm/node_modules/request/request.js:1050:14)
34 verbose stack     at Request.emit (events.js:129:20)
34 verbose stack     at IncomingMessage.<anonymous> (/usr/local/lib/node_modules/npm/node_modules/request/request.js:996:12)
34 verbose stack     at IncomingMessage.emit (events.js:129:20)
34 verbose stack     at _stream_readable.js:908:16
34 verbose stack     at process._tickCallback (node.js:355:11)
35 verbose statusCode 404
36 verbose pkgid gulp-wevserver
37 verbose cwd /Users/shimamura/coffee
38 error Darwin 14.0.0
39 error argv "node" "/usr/local/bin/npm" "install" "gulp-wevserver"
40 error node v0.12.7
41 error npm  v2.12.1
42 error code E404
43 error 404 Registry returned 404 for GET on https://registry.npmjs.org/gulp-wevserver
43 error 404
43 error 404 'gulp-wevserver' is not in the npm registry.
43 error 404 You should bug the author to publish it (or use the name yourself!)
43 error 404 It was specified as a dependency of 'coffeescript'
43 error 404
43 error 404 Note that you can also install from a
43 error 404 tarball, folder, http url, or git url.
44 verbose exit [ 1, true ]
